11/27/2018 09:56:00 AM DATA EXTRACTION [SUCCESS][https://www.walmart.com/ip/Drive-Medical-Blue-Streak-Wheelchair-with-Flip-Back-Desk-Arms-Swing-Away-Footrests/15423509]
11/27/2018 09:56:00 AM DATA EXTRACTION [SUCCESS][https://www.walmart.com/ip/Drive-Medical-Blue-Streak-Wheelchair-with-Flip-Back-Desk-Arms-Swing-Away-Footrests/15423509]
11/27/2018 09:56:00 AM DATA EXTRACTION [SUCCESS][https://www.walmart.com/ip/Drive-Medical-Blue-Streak-Wheelchair-with-Flip-Back-Desk-Arms-Swing-Away-Footrests/15423509]
11/27/2018 09:56:00 AM DATA EXTRACTION [SUCCESS][https://www.walmart.com/ip/Drive-Medical-Blue-Streak-Wheelchair-with-Flip-Back-Desk-Arms-Swing-Away-Footrests/15423509]
11/27/2018 09:56:00 AM DATA EXTRACTION [SUCCESS][https://www.walmart.com/ip/Drive-Medical-Blue-Streak-Wheelchair-with-Flip-Back-Desk-Arms-Swing-Away-Footrests/15423509]
11/27/2018 09:56:01 AM DATA EXTRACTION [SUCCESS][https://www.walmart.com/ip/Equate-Transport-Chair-Black/14179126]
11/27/2018 09:56:01 AM DATA EXTRACTION [SUCCESS][https://www.walmart.com/ip/Equate-Transport-Chair-Black/14179126]
11/27/2018 09:56:01 AM DATA EXTRACTION [SUCCESS][https://www.walmart.com/ip/Equate-Transport-Chair-Black/14179126]
11/27/2018 09:56:01 AM DATA EXTRACTION [SUCCESS][https://www.walmart.com/ip/Equate-Transport-Chair-Black/14179126]
11/27/2018 09:56:01 AM DATA EXTRACTION [SUCCESS][https://www.walmart.com/ip/Equate-Transport-Chair-Black/14179126]
11/27/2018 09:56:03 AM DATA EXTRACTION [SUCCESS][https://www.walmart.com/ip/Drive-Medical-Silver-Sport-1-Wheelchair-with-Full-Arms-and-Swing-away-Removable-Footrest/15423452]
11/27/2018 09:56:03 AM DATA EXTRACTION [SUCCESS][https://www.walmart.com/ip/Drive-Medical-Silver-Sport-1-Wheelchair-with-Full-Arms-and-Swing-away-Removable-Footrest/15423452]
11/27/2018 09:56:03 AM DATA EXTRACTION [SUCCESS][https://www.walmart.com/ip/Drive-Medical-Silver-Sport-1-Wheelchair-with-Full-Arms-and-Swing-away-Removable-Footrest/15423452]
11/27/2018 09:56:03 AM DATA EXTRACTION [SUCCESS][https://www.walmart.com/ip/Drive-Medical-Silver-Sport-1-Wheelchair-with-Full-Arms-and-Swing-away-Removable-Footrest/15423452]
11/27/2018 09:56:03 AM DATA EXTRACTION [SUCCESS][https://www.walmart.com/ip/Drive-Medical-Silver-Sport-1-Wheelchair-with-Full-Arms-and-Swing-away-Removable-Footrest/15423452]
11/27/2018 09:56:04 AM DATA EXTRACTION [SUCCESS][https://www.walmart.com/ip/Medline-Excel-Deluxe-Aluminum-Transport-Chair-with-Hand-Brakes/23955882?wpa_bd=&wpa_pg_seller_id=F55CDC31AB754BB68FE0B39041159D63&wpa_ref_id=4139a155ddab740a595302638333b76a&wpa_aux_info=__aux_info__&wpa_tag=&wpa_pos=5&wpa_plmt=__plmt__&wpa_aduid=__aduid__]
11/27/2018 09:56:04 AM DATA EXTRACTION [SUCCESS][https://www.walmart.com/ip/Medline-Excel-Deluxe-Aluminum-Transport-Chair-with-Hand-Brakes/23955882?wpa_bd=&wpa_pg_seller_id=F55CDC31AB754BB68FE0B39041159D63&wpa_ref_id=4139a155ddab740a595302638333b76a&wpa_aux_info=__aux_info__&wpa_tag=&wpa_pos=5&wpa_plmt=__plmt__&wpa_aduid=__aduid__]
11/27/2018 09:56:04 AM DATA EXTRACTION [SUCCESS][https://www.walmart.com/ip/Medline-Excel-Deluxe-Aluminum-Transport-Chair-with-Hand-Brakes/23955882?wpa_bd=&wpa_pg_seller_id=F55CDC31AB754BB68FE0B39041159D63&wpa_ref_id=4139a155ddab740a595302638333b76a&wpa_aux_info=__aux_info__&wpa_tag=&wpa_pos=5&wpa_plmt=__plmt__&wpa_aduid=__aduid__]
11/27/2018 09:56:04 AM DATA EXTRACTION [SUCCESS][https://www.walmart.com/ip/Medline-Excel-Deluxe-Aluminum-Transport-Chair-with-Hand-Brakes/23955882?wpa_bd=&wpa_pg_seller_id=F55CDC31AB754BB68FE0B39041159D63&wpa_ref_id=4139a155ddab740a595302638333b76a&wpa_aux_info=__aux_info__&wpa_tag=&wpa_pos=5&wpa_plmt=__plmt__&wpa_aduid=__aduid__]
11/27/2018 09:56:04 AM DATA EXTRACTION [SUCCESS][https://www.walmart.com/ip/Medline-Excel-Deluxe-Aluminum-Transport-Chair-with-Hand-Brakes/23955882?wpa_bd=&wpa_pg_seller_id=F55CDC31AB754BB68FE0B39041159D63&wpa_ref_id=4139a155ddab740a595302638333b76a&wpa_aux_info=__aux_info__&wpa_tag=&wpa_pos=5&wpa_plmt=__plmt__&wpa_aduid=__aduid__]
11/27/2018 09:56:05 AM DATA EXTRACTION [SUCCESS][https://www.walmart.com/ip/Drive-Medical-Cruiser-III-Light-Weight-Wheelchair-with-Flip-Back-Removable-Desk-Arms-Elevating-Leg-Rests/15423515]
11/27/2018 09:56:05 AM DATA EXTRACTION [SUCCESS][https://www.walmart.com/ip/Drive-Medical-Cruiser-III-Light-Weight-Wheelchair-with-Flip-Back-Removable-Desk-Arms-Elevating-Leg-Rests/15423515]
11/27/2018 09:56:05 AM DATA EXTRACTION [SUCCESS][https://www.walmart.com/ip/Drive-Medical-Cruiser-III-Light-Weight-Wheelchair-with-Flip-Back-Removable-Desk-Arms-Elevating-Leg-Rests/15423515]
11/27/2018 09:56:05 AM DATA EXTRACTION [SUCCESS][https://www.walmart.com/ip/Drive-Medical-Cruiser-III-Light-Weight-Wheelchair-with-Flip-Back-Removable-Desk-Arms-Elevating-Leg-Rests/15423515]
11/27/2018 09:56:05 AM DATA EXTRACTION [SUCCESS][https://www.walmart.com/ip/Drive-Medical-Cruiser-III-Light-Weight-Wheelchair-with-Flip-Back-Removable-Desk-Arms-Elevating-Leg-Rests/15423515]
11/27/2018 09:56:06 AM DATA EXTRACTION [SUCCESS][https://www.walmart.com/ip/Drive-Medical-Lightweight-Steel-Transport-Wheelchair-Fixed-Full-Arms/25514999]
11/27/2018 09:56:06 AM DATA EXTRACTION [SUCCESS][https://www.walmart.com/ip/Drive-Medical-Lightweight-Steel-Transport-Wheelchair-Fixed-Full-Arms/25514999]
11/27/2018 09:56:06 AM DATA EXTRACTION [SUCCESS][https://www.walmart.com/ip/Drive-Medical-Lightweight-Steel-Transport-Wheelchair-Fixed-Full-Arms/25514999]
11/27/2018 09:56:06 AM DATA EXTRACTION [SUCCESS][https://www.walmart.com/ip/Drive-Medical-Lightweight-Steel-Transport-Wheelchair-Fixed-Full-Arms/25514999]
11/27/2018 09:56:06 AM DATA EXTRACTION [SUCCESS][https://www.walmart.com/ip/Drive-Medical-Lightweight-Steel-Transport-Wheelchair-Fixed-Full-Arms/25514999]
11/27/2018 09:56:07 AM DATA EXTRACTION [SUCCESS][https://www.walmart.com/ip/Drive-Medical-Blue-Streak-Wheelchair-with-Flip-Back-Desk-Arms-Elevating-Leg-Rests-BLS20FBD-ELR/28184367]
11/27/2018 09:56:07 AM DATA EXTRACTION [SUCCESS][https://www.walmart.com/ip/Drive-Medical-Blue-Streak-Wheelchair-with-Flip-Back-Desk-Arms-Elevating-Leg-Rests-BLS20FBD-ELR/28184367]
11/27/2018 09:56:07 AM DATA EXTRACTION [SUCCESS][https://www.walmart.com/ip/Drive-Medical-Blue-Streak-Wheelchair-with-Flip-Back-Desk-Arms-Elevating-Leg-Rests-BLS20FBD-ELR/28184367]
11/27/2018 09:56:07 AM DATA EXTRACTION [SUCCESS][https://www.walmart.com/ip/Drive-Medical-Blue-Streak-Wheelchair-with-Flip-Back-Desk-Arms-Elevating-Leg-Rests-BLS20FBD-ELR/28184367]
11/27/2018 09:56:07 AM DATA EXTRACTION [SUCCESS][https://www.walmart.com/ip/Drive-Medical-Blue-Streak-Wheelchair-with-Flip-Back-Desk-Arms-Elevating-Leg-Rests-BLS20FBD-ELR/28184367]
11/27/2018 09:56:09 AM DATA EXTRACTION [SUCCESS][https://www.walmart.com/ip/Drive-Medical-Silver-Sport-2-Wheelchair-Detachable-Desk-Arms-Elevating-Leg-Rests/15423464]
11/27/2018 09:56:09 AM DATA EXTRACTION [SUCCESS][https://www.walmart.com/ip/Drive-Medical-Silver-Sport-2-Wheelchair-Detachable-Desk-Arms-Elevating-Leg-Rests/15423464]
11/27/2018 09:56:09 AM DATA EXTRACTION [SUCCESS][https://www.walmart.com/ip/Drive-Medical-Silver-Sport-2-Wheelchair-Detachable-Desk-Arms-Elevating-Leg-Rests/15423464]
11/27/2018 09:56:09 AM DATA EXTRACTION [SUCCESS][https://www.walmart.com/ip/Drive-Medical-Silver-Sport-2-Wheelchair-Detachable-Desk-Arms-Elevating-Leg-Rests/15423464]
11/27/2018 09:56:09 AM DATA EXTRACTION [SUCCESS][https://www.walmart.com/ip/Drive-Medical-Silver-Sport-2-Wheelchair-Detachable-Desk-Arms-Elevating-Leg-Rests/15423464]
11/27/2018 09:56:11 AM DATA EXTRACTION [SUCCESS][https://www.walmart.com/ip/Drive-Medical-Fly-Lite-Ultra-Lightweight-Transport-Wheelchair/14563679]
11/27/2018 09:56:11 AM DATA EXTRACTION [SUCCESS][https://www.walmart.com/ip/Drive-Medical-Fly-Lite-Ultra-Lightweight-Transport-Wheelchair/14563679]
11/27/2018 09:56:11 AM DATA EXTRACTION [SUCCESS][https://www.walmart.com/ip/Drive-Medical-Fly-Lite-Ultra-Lightweight-Transport-Wheelchair/14563679]
11/27/2018 09:56:11 AM DATA EXTRACTION [SUCCESS][https://www.walmart.com/ip/Drive-Medical-Fly-Lite-Ultra-Lightweight-Transport-Wheelchair/14563679]
11/27/2018 09:56:11 AM DATA EXTRACTION [SUCCESS][https://www.walmart.com/ip/Drive-Medical-Fly-Lite-Ultra-Lightweight-Transport-Wheelchair/14563679]
11/27/2018 09:56:12 AM DATA EXTRACTION [SUCCESS][https://www.walmart.com/ip/Karman-LT-1000HB-Lightweight-Transport-Chair-with-Companion-Brakes-Burgundy/30347062]
11/27/2018 09:56:12 AM DATA EXTRACTION [SUCCESS][https://www.walmart.com/ip/Karman-LT-1000HB-Lightweight-Transport-Chair-with-Companion-Brakes-Burgundy/30347062]
11/27/2018 09:56:12 AM DATA EXTRACTION [SUCCESS][https://www.walmart.com/ip/Karman-LT-1000HB-Lightweight-Transport-Chair-with-Companion-Brakes-Burgundy/30347062]
11/27/2018 09:56:12 AM DATA EXTRACTION [SUCCESS][https://www.walmart.com/ip/Karman-LT-1000HB-Lightweight-Transport-Chair-with-Companion-Brakes-Burgundy/30347062]
11/27/2018 09:56:12 AM DATA EXTRACTION [SUCCESS][https://www.walmart.com/ip/Karman-LT-1000HB-Lightweight-Transport-Chair-with-Companion-Brakes-Burgundy/30347062]
11/27/2018 09:56:13 AM DATA EXTRACTION [SUCCESS][https://www.walmart.com/ip/Drive-Medical-Cruiser-III-Light-Weight-Wheelchair-with-Flip-Back-Removable-Full-Arms-Elevating-Leg-Rests/15423522]
11/27/2018 09:56:13 AM DATA EXTRACTION [SUCCESS][https://www.walmart.com/ip/Drive-Medical-Cruiser-III-Light-Weight-Wheelchair-with-Flip-Back-Removable-Full-Arms-Elevating-Leg-Rests/15423522]
11/27/2018 09:56:13 AM DATA EXTRACTION [SUCCESS][https://www.walmart.com/ip/Drive-Medical-Cruiser-III-Light-Weight-Wheelchair-with-Flip-Back-Removable-Full-Arms-Elevating-Leg-Rests/15423522]
11/27/2018 09:56:13 AM DATA EXTRACTION [SUCCESS][https://www.walmart.com/ip/Drive-Medical-Cruiser-III-Light-Weight-Wheelchair-with-Flip-Back-Removable-Full-Arms-Elevating-Leg-Rests/15423522]
11/27/2018 09:56:13 AM DATA EXTRACTION [SUCCESS][https://www.walmart.com/ip/Drive-Medical-Cruiser-III-Light-Weight-Wheelchair-with-Flip-Back-Removable-Full-Arms-Elevating-Leg-Rests/15423522]
11/27/2018 09:56:15 AM DATA EXTRACTION [SUCCESS][https://www.walmart.com/ip/Drive-Medical-Lightweight-Transport-Wheelchair/17284828]
11/27/2018 09:56:15 AM DATA EXTRACTION [SUCCESS][https://www.walmart.com/ip/Drive-Medical-Lightweight-Transport-Wheelchair/17284828]
11/27/2018 09:56:15 AM DATA EXTRACTION [SUCCESS][https://www.walmart.com/ip/Drive-Medical-Lightweight-Transport-Wheelchair/17284828]
11/27/2018 09:56:15 AM DATA EXTRACTION [SUCCESS][https://www.walmart.com/ip/Drive-Medical-Lightweight-Transport-Wheelchair/17284828]
11/27/2018 09:56:15 AM DATA EXTRACTION [SUCCESS][https://www.walmart.com/ip/Drive-Medical-Lightweight-Transport-Wheelchair/17284828]
11/27/2018 09:56:16 AM DATA EXTRACTION [SUCCESS][https://www.walmart.com/ip/Karman-LT-700T-Lightweight-Wheelchair-with-Removable-Armrest-18-Seat-Silver-Vein/46906866]
11/27/2018 09:56:16 AM DATA EXTRACTION [SUCCESS][https://www.walmart.com/ip/Karman-LT-700T-Lightweight-Wheelchair-with-Removable-Armrest-18-Seat-Silver-Vein/46906866]
11/27/2018 09:56:16 AM DATA EXTRACTION [SUCCESS][https://www.walmart.com/ip/Karman-LT-700T-Lightweight-Wheelchair-with-Removable-Armrest-18-Seat-Silver-Vein/46906866]
11/27/2018 09:56:17 AM DATA EXTRACTION [FAILED][https://www.walmart.com/ip/Drive-Medical-Deluxe-Lightweight-Aluminum-Transport-Wheelchair-Aluminum-Red/15423390]
11/27/2018 09:56:18 AM DATA EXTRACTION [SUCCESS][https://www.walmart.com/ip/Medline-Ultralight-Transport-Wheelchair-with-19-x-16-Seat-Red/30458181]
11/27/2018 09:56:18 AM DATA EXTRACTION [SUCCESS][https://www.walmart.com/ip/Medline-Ultralight-Transport-Wheelchair-with-19-x-16-Seat-Red/30458181]
11/27/2018 09:56:18 AM DATA EXTRACTION [SUCCESS][https://www.walmart.com/ip/Medline-Ultralight-Transport-Wheelchair-with-19-x-16-Seat-Red/30458181]
11/27/2018 09:56:18 AM DATA EXTRACTION [SUCCESS][https://www.walmart.com/ip/Medline-Ultralight-Transport-Wheelchair-with-19-x-16-Seat-Red/30458181]
11/27/2018 09:56:18 AM DATA EXTRACTION [SUCCESS][https://www.walmart.com/ip/Medline-Ultralight-Transport-Wheelchair-with-19-x-16-Seat-Red/30458181]
11/27/2018 09:56:19 AM DATA EXTRACTION [SUCCESS][https://www.walmart.com/ip/Drive-Medical-Sentra-EC-Heavy-Duty-Wheelchair-Detachable-Desk-Arms-Swing-away-Footrests/15423465]
11/27/2018 09:56:19 AM DATA EXTRACTION [SUCCESS][https://www.walmart.com/ip/Drive-Medical-Sentra-EC-Heavy-Duty-Wheelchair-Detachable-Desk-Arms-Swing-away-Footrests/15423465]
11/27/2018 09:56:19 AM DATA EXTRACTION [SUCCESS][https://www.walmart.com/ip/Drive-Medical-Sentra-EC-Heavy-Duty-Wheelchair-Detachable-Desk-Arms-Swing-away-Footrests/15423465]
11/27/2018 09:56:19 AM DATA EXTRACTION [SUCCESS][https://www.walmart.com/ip/Drive-Medical-Sentra-EC-Heavy-Duty-Wheelchair-Detachable-Desk-Arms-Swing-away-Footrests/15423465]
11/27/2018 09:56:19 AM DATA EXTRACTION [SUCCESS][https://www.walmart.com/ip/Drive-Medical-Sentra-EC-Heavy-Duty-Wheelchair-Detachable-Desk-Arms-Swing-away-Footrests/15423465]
11/27/2018 09:56:20 AM DATA EXTRACTION [SUCCESS][https://www.walmart.com/ip/Carex-Transport-Wheelchair-19-inch-Seat-Folding-Transport-Chair-with-Foot-Rests/33586234]
11/27/2018 09:56:20 AM DATA EXTRACTION [SUCCESS][https://www.walmart.com/ip/Carex-Transport-Wheelchair-19-inch-Seat-Folding-Transport-Chair-with-Foot-Rests/33586234]
11/27/2018 09:56:20 AM DATA EXTRACTION [SUCCESS][https://www.walmart.com/ip/Carex-Transport-Wheelchair-19-inch-Seat-Folding-Transport-Chair-with-Foot-Rests/33586234]
11/27/2018 09:56:20 AM DATA EXTRACTION [SUCCESS][https://www.walmart.com/ip/Carex-Transport-Wheelchair-19-inch-Seat-Folding-Transport-Chair-with-Foot-Rests/33586234]
11/27/2018 09:56:20 AM DATA EXTRACTION [SUCCESS][https://www.walmart.com/ip/Carex-Transport-Wheelchair-19-inch-Seat-Folding-Transport-Chair-with-Foot-Rests/33586234]
11/27/2018 09:56:21 AM DATA EXTRACTION [SUCCESS][https://www.walmart.com/ip/Drive-Medical-Chrome-Sport-Wheelchair-Detachable-Desk-Arms-Elevating-Leg-Rests/15423494]
11/27/2018 09:56:21 AM DATA EXTRACTION [SUCCESS][https://www.walmart.com/ip/Drive-Medical-Chrome-Sport-Wheelchair-Detachable-Desk-Arms-Elevating-Leg-Rests/15423494]
11/27/2018 09:56:21 AM DATA EXTRACTION [SUCCESS][https://www.walmart.com/ip/Drive-Medical-Chrome-Sport-Wheelchair-Detachable-Desk-Arms-Elevating-Leg-Rests/15423494]
11/27/2018 09:56:21 AM DATA EXTRACTION [SUCCESS][https://www.walmart.com/ip/Drive-Medical-Chrome-Sport-Wheelchair-Detachable-Desk-Arms-Elevating-Leg-Rests/15423494]
11/27/2018 09:56:21 AM DATA EXTRACTION [SUCCESS][https://www.walmart.com/ip/Drive-Medical-Chrome-Sport-Wheelchair-Detachable-Desk-Arms-Elevating-Leg-Rests/15423494]
11/27/2018 09:56:23 AM DATA EXTRACTION [SUCCESS][https://www.walmart.com/ip/Drive-Medical-Duet-Dual-Function-Transport-Wheelchair-Rollator-Rolling-Walker/15423364]
11/27/2018 09:56:23 AM DATA EXTRACTION [SUCCESS][https://www.walmart.com/ip/Drive-Medical-Duet-Dual-Function-Transport-Wheelchair-Rollator-Rolling-Walker/15423364]
11/27/2018 09:56:23 AM DATA EXTRACTION [SUCCESS][https://www.walmart.com/ip/Drive-Medical-Duet-Dual-Function-Transport-Wheelchair-Rollator-Rolling-Walker/15423364]
11/27/2018 09:56:23 AM DATA EXTRACTION [SUCCESS][https://www.walmart.com/ip/Drive-Medical-Duet-Dual-Function-Transport-Wheelchair-Rollator-Rolling-Walker/15423364]
11/27/2018 09:56:23 AM DATA EXTRACTION [SUCCESS][https://www.walmart.com/ip/Drive-Medical-Duet-Dual-Function-Transport-Wheelchair-Rollator-Rolling-Walker/15423364]
11/27/2018 09:56:25 AM DATA EXTRACTION [SUCCESS][https://www.walmart.com/ip/Drive-Medical-Sentra-EC-Heavy-Duty-Wheelchair-Detachable-Desk-Arms-Elevating-Leg-Rests/15423476]
11/27/2018 09:56:25 AM DATA EXTRACTION [SUCCESS][https://www.walmart.com/ip/Drive-Medical-Sentra-EC-Heavy-Duty-Wheelchair-Detachable-Desk-Arms-Elevating-Leg-Rests/15423476]
11/27/2018 09:56:25 AM DATA EXTRACTION [SUCCESS][https://www.walmart.com/ip/Drive-Medical-Sentra-EC-Heavy-Duty-Wheelchair-Detachable-Desk-Arms-Elevating-Leg-Rests/15423476]
11/27/2018 09:56:25 AM DATA EXTRACTION [SUCCESS][https://www.walmart.com/ip/Drive-Medical-Sentra-EC-Heavy-Duty-Wheelchair-Detachable-Desk-Arms-Elevating-Leg-Rests/15423476]
11/27/2018 09:56:25 AM DATA EXTRACTION [SUCCESS][https://www.walmart.com/ip/Drive-Medical-Sentra-EC-Heavy-Duty-Wheelchair-Detachable-Desk-Arms-Elevating-Leg-Rests/15423476]
11/27/2018 09:56:26 AM DATA EXTRACTION [SUCCESS][https://www.walmart.com/ip/Drive-Medical-Silver-Sport-2-Wheelchair-Detachable-Desk-Arms-Swing-away-Footrests/15423458]
11/27/2018 09:56:26 AM DATA EXTRACTION [SUCCESS][https://www.walmart.com/ip/Drive-Medical-Silver-Sport-2-Wheelchair-Detachable-Desk-Arms-Swing-away-Footrests/15423458]
11/27/2018 09:56:26 AM DATA EXTRACTION [SUCCESS][https://www.walmart.com/ip/Drive-Medical-Silver-Sport-2-Wheelchair-Detachable-Desk-Arms-Swing-away-Footrests/15423458]
11/27/2018 09:56:26 AM DATA EXTRACTION [SUCCESS][https://www.walmart.com/ip/Drive-Medical-Silver-Sport-2-Wheelchair-Detachable-Desk-Arms-Swing-away-Footrests/15423458]
11/27/2018 09:56:26 AM DATA EXTRACTION [SUCCESS][https://www.walmart.com/ip/Drive-Medical-Silver-Sport-2-Wheelchair-Detachable-Desk-Arms-Swing-away-Footrests/15423458]
11/27/2018 09:56:27 AM DATA EXTRACTION [SUCCESS][https://www.walmart.com/ip/Drive-Medical-Bariatric-Heavy-Duty-Transport-Wheelchair-with-Swing-Away-Footrest/15061023]
11/27/2018 09:56:27 AM DATA EXTRACTION [SUCCESS][https://www.walmart.com/ip/Drive-Medical-Bariatric-Heavy-Duty-Transport-Wheelchair-with-Swing-Away-Footrest/15061023]
11/27/2018 09:56:27 AM DATA EXTRACTION [SUCCESS][https://www.walmart.com/ip/Drive-Medical-Bariatric-Heavy-Duty-Transport-Wheelchair-with-Swing-Away-Footrest/15061023]
11/27/2018 09:56:27 AM DATA EXTRACTION [SUCCESS][https://www.walmart.com/ip/Drive-Medical-Bariatric-Heavy-Duty-Transport-Wheelchair-with-Swing-Away-Footrest/15061023]
11/27/2018 09:56:27 AM DATA EXTRACTION [SUCCESS][https://www.walmart.com/ip/Drive-Medical-Bariatric-Heavy-Duty-Transport-Wheelchair-with-Swing-Away-Footrest/15061023]
11/27/2018 09:56:28 AM DATA EXTRACTION [SUCCESS][https://www.walmart.com/ip/Medline-K1-Basic-Extra-Wide-Wheelchairs-with-Elevating-Legrests/41494521]
11/27/2018 09:56:29 AM DATA EXTRACTION [SUCCESS][https://www.walmart.com/ip/Drive-Medical-Lightweight-Blue-Transport-Wheelchair/14563677]
11/27/2018 09:56:29 AM DATA EXTRACTION [SUCCESS][https://www.walmart.com/ip/Drive-Medical-Lightweight-Blue-Transport-Wheelchair/14563677]
11/27/2018 09:56:29 AM DATA EXTRACTION [SUCCESS][https://www.walmart.com/ip/Drive-Medical-Lightweight-Blue-Transport-Wheelchair/14563677]
11/27/2018 09:56:29 AM DATA EXTRACTION [SUCCESS][https://www.walmart.com/ip/Drive-Medical-Lightweight-Blue-Transport-Wheelchair/14563677]
11/27/2018 09:56:29 AM DATA EXTRACTION [SUCCESS][https://www.walmart.com/ip/Drive-Medical-Lightweight-Blue-Transport-Wheelchair/14563677]
11/27/2018 09:56:30 AM DATA EXTRACTION [SUCCESS][https://www.walmart.com/ip/Drive-Medical-Silver-Sport-2-Wheelchair-Detachable-Full-Arms-Swing-away-Footrests/40878917]
11/27/2018 09:56:30 AM DATA EXTRACTION [SUCCESS][https://www.walmart.com/ip/Drive-Medical-Silver-Sport-2-Wheelchair-Detachable-Full-Arms-Swing-away-Footrests/40878917]
11/27/2018 09:56:30 AM DATA EXTRACTION [SUCCESS][https://www.walmart.com/ip/Drive-Medical-Silver-Sport-2-Wheelchair-Detachable-Full-Arms-Swing-away-Footrests/40878917]
11/27/2018 09:56:30 AM DATA EXTRACTION [SUCCESS][https://www.walmart.com/ip/Drive-Medical-Silver-Sport-2-Wheelchair-Detachable-Full-Arms-Swing-away-Footrests/40878917]
11/27/2018 09:56:30 AM DATA EXTRACTION [SUCCESS][https://www.walmart.com/ip/Drive-Medical-Silver-Sport-2-Wheelchair-Detachable-Full-Arms-Swing-away-Footrests/40878917]
11/27/2018 09:56:31 AM DATA EXTRACTION [SUCCESS][https://www.walmart.com/ip/Drive-Medical-Nitro-Euro-Style-Rollator-Rolling-Walker/22356890]
11/27/2018 09:56:31 AM DATA EXTRACTION [SUCCESS][https://www.walmart.com/ip/Drive-Medical-Nitro-Euro-Style-Rollator-Rolling-Walker/22356890]
11/27/2018 09:56:31 AM DATA EXTRACTION [SUCCESS][https://www.walmart.com/ip/Drive-Medical-Nitro-Euro-Style-Rollator-Rolling-Walker/22356890]
11/27/2018 09:56:31 AM DATA EXTRACTION [SUCCESS][https://www.walmart.com/ip/Drive-Medical-Nitro-Euro-Style-Rollator-Rolling-Walker/22356890]
11/27/2018 09:56:31 AM DATA EXTRACTION [SUCCESS][https://www.walmart.com/ip/Drive-Medical-Nitro-Euro-Style-Rollator-Rolling-Walker/22356890]
11/27/2018 09:56:32 AM DATA EXTRACTION [SUCCESS][https://www.walmart.com/ip/Drive-Medical-Lightweight-Black-Transport-Wheelchair/15423388]
11/27/2018 09:56:32 AM DATA EXTRACTION [SUCCESS][https://www.walmart.com/ip/Drive-Medical-Lightweight-Black-Transport-Wheelchair/15423388]
11/27/2018 09:56:32 AM DATA EXTRACTION [SUCCESS][https://www.walmart.com/ip/Drive-Medical-Lightweight-Black-Transport-Wheelchair/15423388]
11/27/2018 09:56:32 AM DATA EXTRACTION [SUCCESS][https://www.walmart.com/ip/Drive-Medical-Lightweight-Black-Transport-Wheelchair/15423388]
11/27/2018 09:56:32 AM DATA EXTRACTION [SUCCESS][https://www.walmart.com/ip/Drive-Medical-Lightweight-Black-Transport-Wheelchair/15423388]
11/27/2018 09:56:34 AM DATA EXTRACTION [SUCCESS][https://www.walmart.com/ip/Drive-Medical-Silver-Sport-Reclining-Wheelchair-with-Elevating-Leg-Rests-Detachable-Desk-Arms/15423453]
11/27/2018 09:56:34 AM DATA EXTRACTION [SUCCESS][https://www.walmart.com/ip/Drive-Medical-Silver-Sport-Reclining-Wheelchair-with-Elevating-Leg-Rests-Detachable-Desk-Arms/15423453]
11/27/2018 09:56:34 AM DATA EXTRACTION [SUCCESS][https://www.walmart.com/ip/Drive-Medical-Silver-Sport-Reclining-Wheelchair-with-Elevating-Leg-Rests-Detachable-Desk-Arms/15423453]
11/27/2018 09:56:34 AM DATA EXTRACTION [SUCCESS][https://www.walmart.com/ip/Drive-Medical-Silver-Sport-Reclining-Wheelchair-with-Elevating-Leg-Rests-Detachable-Desk-Arms/15423453]
11/27/2018 09:56:34 AM DATA EXTRACTION [SUCCESS][https://www.walmart.com/ip/Drive-Medical-Silver-Sport-Reclining-Wheelchair-with-Elevating-Leg-Rests-Detachable-Desk-Arms/15423453]
11/27/2018 09:56:35 AM DATA EXTRACTION [SUCCESS][https://www.walmart.com/ip/Medline-K4-Extra-Wide-20-Wheelchair-Swing-Away-Legs-Desk-Length-Arms/41068615]
11/27/2018 09:56:35 AM DATA EXTRACTION [SUCCESS][https://www.walmart.com/ip/Medline-K4-Extra-Wide-20-Wheelchair-Swing-Away-Legs-Desk-Length-Arms/41068615]
11/27/2018 09:56:35 AM DATA EXTRACTION [SUCCESS][https://www.walmart.com/ip/Medline-K4-Extra-Wide-20-Wheelchair-Swing-Away-Legs-Desk-Length-Arms/41068615]
11/27/2018 09:56:35 AM DATA EXTRACTION [SUCCESS][https://www.walmart.com/ip/Medline-K4-Extra-Wide-20-Wheelchair-Swing-Away-Legs-Desk-Length-Arms/41068615]
11/27/2018 09:56:35 AM DATA EXTRACTION [SUCCESS][https://www.walmart.com/ip/Medline-K4-Extra-Wide-20-Wheelchair-Swing-Away-Legs-Desk-Length-Arms/41068615]
11/27/2018 09:56:36 AM DATA EXTRACTION [FAILED][https://www.walmart.com/ip/Drive-Medical-Cruiser-III-Light-Weight-Wheelchair-with-Flip-Back-Removable-Desk-Arms-Swing-away-Footrests/27014951]
11/27/2018 09:56:38 AM DATA EXTRACTION [SUCCESS][https://www.walmart.com/ip/Drive-Medical-Trident-HD-Heavy-Duty-Power-Wheelchair/44389043]
11/27/2018 09:56:39 AM DATA EXTRACTION [SUCCESS][https://www.walmart.com/ip/Drive-Medical-Rebel-Lightweight-Wheelchair/21864724]
11/27/2018 09:56:39 AM DATA EXTRACTION [SUCCESS][https://www.walmart.com/ip/Drive-Medical-Rebel-Lightweight-Wheelchair/21864724]
11/27/2018 09:56:39 AM DATA EXTRACTION [SUCCESS][https://www.walmart.com/ip/Drive-Medical-Rebel-Lightweight-Wheelchair/21864724]
11/27/2018 09:56:39 AM DATA EXTRACTION [SUCCESS][https://www.walmart.com/ip/Drive-Medical-Rebel-Lightweight-Wheelchair/21864724]
11/27/2018 09:56:39 AM DATA EXTRACTION [SUCCESS][https://www.walmart.com/ip/Drive-Medical-Rebel-Lightweight-Wheelchair/21864724]
11/27/2018 09:56:40 AM DATA EXTRACTION [SUCCESS][https://www.walmart.com/ip/Drive-Medical-Cruiser-X4-Lightweight-Dual-Axle-Wheelchair-with-Adjustable-Detachable-Full-Arms-Elevating-Leg-Rests/146306124]
11/27/2018 09:56:40 AM DATA EXTRACTION [SUCCESS][https://www.walmart.com/ip/Drive-Medical-Cruiser-X4-Lightweight-Dual-Axle-Wheelchair-with-Adjustable-Detachable-Full-Arms-Elevating-Leg-Rests/146306124]
11/27/2018 09:56:40 AM DATA EXTRACTION [SUCCESS][https://www.walmart.com/ip/Drive-Medical-Cruiser-X4-Lightweight-Dual-Axle-Wheelchair-with-Adjustable-Detachable-Full-Arms-Elevating-Leg-Rests/146306124]
11/27/2018 09:56:40 AM DATA EXTRACTION [SUCCESS][https://www.walmart.com/ip/Drive-Medical-Cruiser-X4-Lightweight-Dual-Axle-Wheelchair-with-Adjustable-Detachable-Full-Arms-Elevating-Leg-Rests/146306124]
11/27/2018 09:56:40 AM DATA EXTRACTION [SUCCESS][https://www.walmart.com/ip/Drive-Medical-Cruiser-X4-Lightweight-Dual-Axle-Wheelchair-with-Adjustable-Detachable-Full-Arms-Elevating-Leg-Rests/146306124]
11/27/2018 09:56:41 AM DATA EXTRACTION [SUCCESS][https://www.walmart.com/ip/Karman-LT-980-24-pounds-Lightweight-Wheelchair-18-seat-Burgundy/35494745]
11/27/2018 09:56:41 AM DATA EXTRACTION [SUCCESS][https://www.walmart.com/ip/Karman-LT-980-24-pounds-Lightweight-Wheelchair-18-seat-Burgundy/35494745]
11/27/2018 09:56:41 AM DATA EXTRACTION [SUCCESS][https://www.walmart.com/ip/Karman-LT-980-24-pounds-Lightweight-Wheelchair-18-seat-Burgundy/35494745]
11/27/2018 09:56:41 AM DATA EXTRACTION [SUCCESS][https://www.walmart.com/ip/Karman-LT-980-24-pounds-Lightweight-Wheelchair-18-seat-Burgundy/35494745]
11/27/2018 09:56:41 AM DATA EXTRACTION [SUCCESS][https://www.walmart.com/ip/Karman-LT-980-24-pounds-Lightweight-Wheelchair-18-seat-Burgundy/35494745]
11/27/2018 09:56:42 AM DATA EXTRACTION [SUCCESS][https://www.walmart.com/ip/Medline-Basic-Steel-Transport-Wheelchair-with-19-Wide-Seat-Burgundy/25560957]
11/27/2018 09:56:42 AM DATA EXTRACTION [SUCCESS][https://www.walmart.com/ip/Medline-Basic-Steel-Transport-Wheelchair-with-19-Wide-Seat-Burgundy/25560957]
11/27/2018 09:56:42 AM DATA EXTRACTION [SUCCESS][https://www.walmart.com/ip/Medline-Basic-Steel-Transport-Wheelchair-with-19-Wide-Seat-Burgundy/25560957]
11/27/2018 09:56:42 AM DATA EXTRACTION [SUCCESS][https://www.walmart.com/ip/Medline-Basic-Steel-Transport-Wheelchair-with-19-Wide-Seat-Burgundy/25560957]
11/27/2018 09:56:42 AM DATA EXTRACTION [SUCCESS][https://www.walmart.com/ip/Medline-Basic-Steel-Transport-Wheelchair-with-19-Wide-Seat-Burgundy/25560957]
11/27/2018 09:56:43 AM DATA EXTRACTION [SUCCESS][https://www.walmart.com/ip/Drive-Medical-Cruiser-III-Light-Weight-Wheelchair-with-Flip-Back-Removable-Desk-Arms-and-Swing-Away-Footrest/15423512]
11/27/2018 09:56:45 AM DATA EXTRACTION [FAILED][https://www.walmart.com/ip/Goplus-24-Folding-Lightweight-Transport-Wheelchair-Foldable-Backrest-Fixed-Full-Arms/629597802]
11/27/2018 09:56:46 AM DATA EXTRACTION [SUCCESS][https://www.walmart.com/ip/Drive-Medical-Travelite-Chair-in-a-Bag-Transport-Wheelchair/32807346]
11/27/2018 09:56:46 AM DATA EXTRACTION [SUCCESS][https://www.walmart.com/ip/Drive-Medical-Travelite-Chair-in-a-Bag-Transport-Wheelchair/32807346]
11/27/2018 09:56:46 AM DATA EXTRACTION [SUCCESS][https://www.walmart.com/ip/Drive-Medical-Travelite-Chair-in-a-Bag-Transport-Wheelchair/32807346]
11/27/2018 09:56:46 AM DATA EXTRACTION [SUCCESS][https://www.walmart.com/ip/Drive-Medical-Travelite-Chair-in-a-Bag-Transport-Wheelchair/32807346]
11/27/2018 09:56:46 AM DATA EXTRACTION [SUCCESS][https://www.walmart.com/ip/Drive-Medical-Travelite-Chair-in-a-Bag-Transport-Wheelchair/32807346]
11/27/2018 09:56:49 AM DATA EXTRACTION [SUCCESS][https://www.walmart.com/ip/Drive-Medical-Four-Wheel-Rollator-Rolling-Walker-with-Fold-Up-Removable-Back-Support/28647754]
11/27/2018 09:56:49 AM DATA EXTRACTION [SUCCESS][https://www.walmart.com/ip/Drive-Medical-Four-Wheel-Rollator-Rolling-Walker-with-Fold-Up-Removable-Back-Support/28647754]
11/27/2018 09:56:49 AM DATA EXTRACTION [SUCCESS][https://www.walmart.com/ip/Drive-Medical-Four-Wheel-Rollator-Rolling-Walker-with-Fold-Up-Removable-Back-Support/28647754]
11/27/2018 09:56:49 AM DATA EXTRACTION [SUCCESS][https://www.walmart.com/ip/Drive-Medical-Four-Wheel-Rollator-Rolling-Walker-with-Fold-Up-Removable-Back-Support/28647754]
11/27/2018 09:56:49 AM DATA EXTRACTION [SUCCESS][https://www.walmart.com/ip/Drive-Medical-Four-Wheel-Rollator-Rolling-Walker-with-Fold-Up-Removable-Back-Support/28647754]
11/27/2018 09:56:50 AM DATA EXTRACTION [SUCCESS][https://www.walmart.com/ip/Medline-Steel-Foldable-Rollator-Walker-with-6-Wheels-Green/40825479]
11/27/2018 09:56:50 AM DATA EXTRACTION [SUCCESS][https://www.walmart.com/ip/Medline-Steel-Foldable-Rollator-Walker-with-6-Wheels-Green/40825479]
11/27/2018 09:56:50 AM DATA EXTRACTION [SUCCESS][https://www.walmart.com/ip/Medline-Steel-Foldable-Rollator-Walker-with-6-Wheels-Green/40825479]
11/27/2018 09:56:50 AM DATA EXTRACTION [SUCCESS][https://www.walmart.com/ip/Medline-Steel-Foldable-Rollator-Walker-with-6-Wheels-Green/40825479]
11/27/2018 09:56:50 AM DATA EXTRACTION [SUCCESS][https://www.walmart.com/ip/Medline-Steel-Foldable-Rollator-Walker-with-6-Wheels-Green/40825479]
11/27/2018 09:56:51 AM DATA EXTRACTION [SUCCESS][https://www.walmart.com/ip/Medline-Extra-Wide-Heavy-Duty-Rollator-Walker/44608046?wpa_bd=&wpa_pg_seller_id=F55CDC31AB754BB68FE0B39041159D63&wpa_ref_id=7e2a19f9415d5fb6ae1e5a404a9b3c27&wpa_aux_info=__aux_info__&wpa_tag=&wpa_pos=3&wpa_plmt=__plmt__&wpa_aduid=__aduid__]
11/27/2018 09:56:51 AM DATA EXTRACTION [SUCCESS][https://www.walmart.com/ip/Medline-Extra-Wide-Heavy-Duty-Rollator-Walker/44608046?wpa_bd=&wpa_pg_seller_id=F55CDC31AB754BB68FE0B39041159D63&wpa_ref_id=7e2a19f9415d5fb6ae1e5a404a9b3c27&wpa_aux_info=__aux_info__&wpa_tag=&wpa_pos=3&wpa_plmt=__plmt__&wpa_aduid=__aduid__]
11/27/2018 09:56:51 AM DATA EXTRACTION [SUCCESS][https://www.walmart.com/ip/Medline-Extra-Wide-Heavy-Duty-Rollator-Walker/44608046?wpa_bd=&wpa_pg_seller_id=F55CDC31AB754BB68FE0B39041159D63&wpa_ref_id=7e2a19f9415d5fb6ae1e5a404a9b3c27&wpa_aux_info=__aux_info__&wpa_tag=&wpa_pos=3&wpa_plmt=__plmt__&wpa_aduid=__aduid__]
11/27/2018 09:56:51 AM DATA EXTRACTION [SUCCESS][https://www.walmart.com/ip/Medline-Extra-Wide-Heavy-Duty-Rollator-Walker/44608046?wpa_bd=&wpa_pg_seller_id=F55CDC31AB754BB68FE0B39041159D63&wpa_ref_id=7e2a19f9415d5fb6ae1e5a404a9b3c27&wpa_aux_info=__aux_info__&wpa_tag=&wpa_pos=3&wpa_plmt=__plmt__&wpa_aduid=__aduid__]
11/27/2018 09:56:51 AM DATA EXTRACTION [SUCCESS][https://www.walmart.com/ip/Medline-Extra-Wide-Heavy-Duty-Rollator-Walker/44608046?wpa_bd=&wpa_pg_seller_id=F55CDC31AB754BB68FE0B39041159D63&wpa_ref_id=7e2a19f9415d5fb6ae1e5a404a9b3c27&wpa_aux_info=__aux_info__&wpa_tag=&wpa_pos=3&wpa_plmt=__plmt__&wpa_aduid=__aduid__]
11/27/2018 09:56:52 AM DATA EXTRACTION [SUCCESS][https://www.walmart.com/ip/Drive-Medical-Deluxe-Two-Button-Folding-Walker-with-5-Wheels/40877930]
11/27/2018 09:56:52 AM DATA EXTRACTION [SUCCESS][https://www.walmart.com/ip/Drive-Medical-Deluxe-Two-Button-Folding-Walker-with-5-Wheels/40877930]
11/27/2018 09:56:52 AM DATA EXTRACTION [SUCCESS][https://www.walmart.com/ip/Drive-Medical-Deluxe-Two-Button-Folding-Walker-with-5-Wheels/40877930]
11/27/2018 09:56:52 AM DATA EXTRACTION [SUCCESS][https://www.walmart.com/ip/Drive-Medical-Deluxe-Two-Button-Folding-Walker-with-5-Wheels/40877930]
11/27/2018 09:56:52 AM DATA EXTRACTION [SUCCESS][https://www.walmart.com/ip/Drive-Medical-Deluxe-Two-Button-Folding-Walker-with-5-Wheels/40877930]
11/27/2018 09:56:53 AM DATA EXTRACTION [SUCCESS][https://www.walmart.com/ip/Medline-Steel-Foldable-Rollator-Walker-with-8-Wheels-Red/40824169?wpa_bd=&wpa_pg_seller_id=F55CDC31AB754BB68FE0B39041159D63&wpa_ref_id=15eb0684edf6fb10896942ea12fc3fc4&wpa_aux_info=__aux_info__&wpa_tag=&wpa_pos=5&wpa_plmt=__plmt__&wpa_aduid=__aduid__]
11/27/2018 09:56:53 AM DATA EXTRACTION [SUCCESS][https://www.walmart.com/ip/Medline-Steel-Foldable-Rollator-Walker-with-8-Wheels-Red/40824169?wpa_bd=&wpa_pg_seller_id=F55CDC31AB754BB68FE0B39041159D63&wpa_ref_id=15eb0684edf6fb10896942ea12fc3fc4&wpa_aux_info=__aux_info__&wpa_tag=&wpa_pos=5&wpa_plmt=__plmt__&wpa_aduid=__aduid__]
11/27/2018 09:56:53 AM DATA EXTRACTION [SUCCESS][https://www.walmart.com/ip/Medline-Steel-Foldable-Rollator-Walker-with-8-Wheels-Red/40824169?wpa_bd=&wpa_pg_seller_id=F55CDC31AB754BB68FE0B39041159D63&wpa_ref_id=15eb0684edf6fb10896942ea12fc3fc4&wpa_aux_info=__aux_info__&wpa_tag=&wpa_pos=5&wpa_plmt=__plmt__&wpa_aduid=__aduid__]
11/27/2018 09:56:53 AM DATA EXTRACTION [SUCCESS][https://www.walmart.com/ip/Medline-Steel-Foldable-Rollator-Walker-with-8-Wheels-Red/40824169?wpa_bd=&wpa_pg_seller_id=F55CDC31AB754BB68FE0B39041159D63&wpa_ref_id=15eb0684edf6fb10896942ea12fc3fc4&wpa_aux_info=__aux_info__&wpa_tag=&wpa_pos=5&wpa_plmt=__plmt__&wpa_aduid=__aduid__]
11/27/2018 09:56:54 AM DATA EXTRACTION [SUCCESS][https://www.walmart.com/ip/Carex-Steel-Rollator-Walker-with-Seat-and-Backrest/48676819]
11/27/2018 09:56:54 AM DATA EXTRACTION [SUCCESS][https://www.walmart.com/ip/Carex-Steel-Rollator-Walker-with-Seat-and-Backrest/48676819]
11/27/2018 09:56:54 AM DATA EXTRACTION [SUCCESS][https://www.walmart.com/ip/Carex-Steel-Rollator-Walker-with-Seat-and-Backrest/48676819]
11/27/2018 09:56:54 AM DATA EXTRACTION [SUCCESS][https://www.walmart.com/ip/Carex-Steel-Rollator-Walker-with-Seat-and-Backrest/48676819]
11/27/2018 09:56:54 AM DATA EXTRACTION [SUCCESS][https://www.walmart.com/ip/Carex-Steel-Rollator-Walker-with-Seat-and-Backrest/48676819]
11/27/2018 09:56:56 AM DATA EXTRACTION [SUCCESS][https://www.walmart.com/ip/Equate-Steerable-Knee-Walker-Scooter/128305573]
11/27/2018 09:56:56 AM DATA EXTRACTION [SUCCESS][https://www.walmart.com/ip/Equate-Steerable-Knee-Walker-Scooter/128305573]
11/27/2018 09:56:56 AM DATA EXTRACTION [SUCCESS][https://www.walmart.com/ip/Equate-Steerable-Knee-Walker-Scooter/128305573]
11/27/2018 09:56:56 AM DATA EXTRACTION [SUCCESS][https://www.walmart.com/ip/Equate-Steerable-Knee-Walker-Scooter/128305573]
11/27/2018 09:56:56 AM DATA EXTRACTION [SUCCESS][https://www.walmart.com/ip/Equate-Steerable-Knee-Walker-Scooter/128305573]
11/27/2018 09:56:57 AM DATA EXTRACTION [SUCCESS][https://www.walmart.com/ip/Medline-Steel-Rollator-Walker-Burgundy-350-lbs-Capacity/37617768]
11/27/2018 09:56:57 AM DATA EXTRACTION [SUCCESS][https://www.walmart.com/ip/Medline-Steel-Rollator-Walker-Burgundy-350-lbs-Capacity/37617768]
11/27/2018 09:56:57 AM DATA EXTRACTION [SUCCESS][https://www.walmart.com/ip/Medline-Steel-Rollator-Walker-Burgundy-350-lbs-Capacity/37617768]
11/27/2018 09:56:57 AM DATA EXTRACTION [SUCCESS][https://www.walmart.com/ip/Medline-Steel-Rollator-Walker-Burgundy-350-lbs-Capacity/37617768]
11/27/2018 09:56:57 AM DATA EXTRACTION [SUCCESS][https://www.walmart.com/ip/Medline-Steel-Rollator-Walker-Burgundy-350-lbs-Capacity/37617768]
11/27/2018 09:56:58 AM DATA EXTRACTION [SUCCESS][https://www.walmart.com/ip/Drive-Medical-Adjustable-Height-Rollator-Rolling-Walker-with-6-Wheels/17284823]
11/27/2018 09:56:58 AM DATA EXTRACTION [SUCCESS][https://www.walmart.com/ip/Drive-Medical-Adjustable-Height-Rollator-Rolling-Walker-with-6-Wheels/17284823]
11/27/2018 09:56:58 AM DATA EXTRACTION [SUCCESS][https://www.walmart.com/ip/Drive-Medical-Adjustable-Height-Rollator-Rolling-Walker-with-6-Wheels/17284823]
11/27/2018 09:56:58 AM DATA EXTRACTION [SUCCESS][https://www.walmart.com/ip/Drive-Medical-Adjustable-Height-Rollator-Rolling-Walker-with-6-Wheels/17284823]
11/27/2018 09:56:58 AM DATA EXTRACTION [SUCCESS][https://www.walmart.com/ip/Drive-Medical-Adjustable-Height-Rollator-Rolling-Walker-with-6-Wheels/17284823]
11/27/2018 09:56:59 AM DATA EXTRACTION [SUCCESS][https://www.walmart.com/ip/Medline-Empower-Rollator-Blue/45582397]
11/27/2018 09:56:59 AM DATA EXTRACTION [SUCCESS][https://www.walmart.com/ip/Medline-Empower-Rollator-Blue/45582397]
11/27/2018 09:56:59 AM DATA EXTRACTION [SUCCESS][https://www.walmart.com/ip/Medline-Empower-Rollator-Blue/45582397]
11/27/2018 09:56:59 AM DATA EXTRACTION [SUCCESS][https://www.walmart.com/ip/Medline-Empower-Rollator-Blue/45582397]
11/27/2018 09:56:59 AM DATA EXTRACTION [SUCCESS][https://www.walmart.com/ip/Medline-Empower-Rollator-Blue/45582397]
11/27/2018 09:57:00 AM DATA EXTRACTION [SUCCESS][https://www.walmart.com/ip/Equate-Folding-Walker-with-Wheels-Black/14179124]
11/27/2018 09:57:00 AM DATA EXTRACTION [SUCCESS][https://www.walmart.com/ip/Equate-Folding-Walker-with-Wheels-Black/14179124]
11/27/2018 09:57:00 AM DATA EXTRACTION [SUCCESS][https://www.walmart.com/ip/Equate-Folding-Walker-with-Wheels-Black/14179124]
11/27/2018 09:57:00 AM DATA EXTRACTION [SUCCESS][https://www.walmart.com/ip/Equate-Folding-Walker-with-Wheels-Black/14179124]
11/27/2018 09:57:00 AM DATA EXTRACTION [SUCCESS][https://www.walmart.com/ip/Equate-Folding-Walker-with-Wheels-Black/14179124]
11/27/2018 09:57:01 AM DATA EXTRACTION [SUCCESS][https://www.walmart.com/ip/Drive-Medical-Steel-Rollator-Rolling-Walker-with-8-Wheels/55151829]
11/27/2018 09:57:01 AM DATA EXTRACTION [SUCCESS][https://www.walmart.com/ip/Drive-Medical-Steel-Rollator-Rolling-Walker-with-8-Wheels/55151829]
11/27/2018 09:57:01 AM DATA EXTRACTION [SUCCESS][https://www.walmart.com/ip/Drive-Medical-Steel-Rollator-Rolling-Walker-with-8-Wheels/55151829]
11/27/2018 09:57:01 AM DATA EXTRACTION [SUCCESS][https://www.walmart.com/ip/Drive-Medical-Steel-Rollator-Rolling-Walker-with-8-Wheels/55151829]
11/27/2018 09:57:01 AM DATA EXTRACTION [SUCCESS][https://www.walmart.com/ip/Drive-Medical-Steel-Rollator-Rolling-Walker-with-8-Wheels/55151829]
11/27/2018 09:57:02 AM DATA EXTRACTION [SUCCESS][https://www.walmart.com/ip/Medline-Steel-Foldable-Rollator-Walker-with-8-Wheels-Blue/40874795]
11/27/2018 09:57:02 AM DATA EXTRACTION [SUCCESS][https://www.walmart.com/ip/Medline-Steel-Foldable-Rollator-Walker-with-8-Wheels-Blue/40874795]
11/27/2018 09:57:02 AM DATA EXTRACTION [SUCCESS][https://www.walmart.com/ip/Medline-Steel-Foldable-Rollator-Walker-with-8-Wheels-Blue/40874795]
11/27/2018 09:57:02 AM DATA EXTRACTION [SUCCESS][https://www.walmart.com/ip/Medline-Steel-Foldable-Rollator-Walker-with-8-Wheels-Blue/40874795]
11/27/2018 09:57:02 AM DATA EXTRACTION [SUCCESS][https://www.walmart.com/ip/Medline-Steel-Foldable-Rollator-Walker-with-8-Wheels-Blue/40874795]
11/27/2018 09:57:03 AM DATA EXTRACTION [SUCCESS][https://www.walmart.com/ip/Drive-Medical-Two-Wheeled-Walker-with-Seat/43224556]
11/27/2018 09:57:03 AM DATA EXTRACTION [SUCCESS][https://www.walmart.com/ip/Drive-Medical-Two-Wheeled-Walker-with-Seat/43224556]
11/27/2018 09:57:03 AM DATA EXTRACTION [SUCCESS][https://www.walmart.com/ip/Drive-Medical-Two-Wheeled-Walker-with-Seat/43224556]
11/27/2018 09:57:03 AM DATA EXTRACTION [SUCCESS][https://www.walmart.com/ip/Drive-Medical-Two-Wheeled-Walker-with-Seat/43224556]
11/27/2018 09:57:03 AM DATA EXTRACTION [SUCCESS][https://www.walmart.com/ip/Drive-Medical-Two-Wheeled-Walker-with-Seat/43224556]
11/27/2018 09:57:04 AM DATA EXTRACTION [FAILED][https://www.walmart.com/ip/Medline-Combination-Rollator-Transport-Wheelchair-Blue/13248453]
