11/27/2018 10:58:03 AM DATA EXTRACTION [SUCCESS][https://www.walmart.com/ip/Drive-Medical-Blue-Streak-Wheelchair-with-Flip-Back-Desk-Arms-Swing-Away-Footrests/15423509]
11/27/2018 10:58:03 AM DATA EXTRACTION [SUCCESS][https://www.walmart.com/ip/Drive-Medical-Blue-Streak-Wheelchair-with-Flip-Back-Desk-Arms-Swing-Away-Footrests/15423509]
11/27/2018 10:58:03 AM DATA EXTRACTION [SUCCESS][https://www.walmart.com/ip/Drive-Medical-Blue-Streak-Wheelchair-with-Flip-Back-Desk-Arms-Swing-Away-Footrests/15423509]
11/27/2018 10:58:03 AM DATA EXTRACTION [SUCCESS][https://www.walmart.com/ip/Drive-Medical-Blue-Streak-Wheelchair-with-Flip-Back-Desk-Arms-Swing-Away-Footrests/15423509]
11/27/2018 10:58:03 AM DATA EXTRACTION [SUCCESS][https://www.walmart.com/ip/Drive-Medical-Blue-Streak-Wheelchair-with-Flip-Back-Desk-Arms-Swing-Away-Footrests/15423509]
11/27/2018 10:58:04 AM DATA EXTRACTION [SUCCESS][https://www.walmart.com/ip/Equate-Transport-Chair-Black/14179126]
11/27/2018 10:58:04 AM DATA EXTRACTION [SUCCESS][https://www.walmart.com/ip/Equate-Transport-Chair-Black/14179126]
11/27/2018 10:58:04 AM DATA EXTRACTION [SUCCESS][https://www.walmart.com/ip/Equate-Transport-Chair-Black/14179126]
11/27/2018 10:58:04 AM DATA EXTRACTION [SUCCESS][https://www.walmart.com/ip/Equate-Transport-Chair-Black/14179126]
11/27/2018 10:58:04 AM DATA EXTRACTION [SUCCESS][https://www.walmart.com/ip/Equate-Transport-Chair-Black/14179126]
11/27/2018 10:58:05 AM DATA EXTRACTION [SUCCESS][https://www.walmart.com/ip/Drive-Medical-Silver-Sport-1-Wheelchair-with-Full-Arms-and-Swing-away-Removable-Footrest/15423452]
11/27/2018 10:58:05 AM DATA EXTRACTION [SUCCESS][https://www.walmart.com/ip/Drive-Medical-Silver-Sport-1-Wheelchair-with-Full-Arms-and-Swing-away-Removable-Footrest/15423452]
11/27/2018 10:58:05 AM DATA EXTRACTION [SUCCESS][https://www.walmart.com/ip/Drive-Medical-Silver-Sport-1-Wheelchair-with-Full-Arms-and-Swing-away-Removable-Footrest/15423452]
11/27/2018 10:58:05 AM DATA EXTRACTION [SUCCESS][https://www.walmart.com/ip/Drive-Medical-Silver-Sport-1-Wheelchair-with-Full-Arms-and-Swing-away-Removable-Footrest/15423452]
11/27/2018 10:58:05 AM DATA EXTRACTION [SUCCESS][https://www.walmart.com/ip/Drive-Medical-Silver-Sport-1-Wheelchair-with-Full-Arms-and-Swing-away-Removable-Footrest/15423452]
11/27/2018 10:58:06 AM DATA EXTRACTION [SUCCESS][https://www.walmart.com/ip/Medline-Excel-Deluxe-Aluminum-Transport-Chair-with-Hand-Brakes/23955882?wpa_bd=&wpa_pg_seller_id=F55CDC31AB754BB68FE0B39041159D63&wpa_ref_id=4139a155ddab740a595302638333b76a&wpa_aux_info=__aux_info__&wpa_tag=&wpa_pos=5&wpa_plmt=__plmt__&wpa_aduid=__aduid__]
11/27/2018 10:58:06 AM DATA EXTRACTION [SUCCESS][https://www.walmart.com/ip/Medline-Excel-Deluxe-Aluminum-Transport-Chair-with-Hand-Brakes/23955882?wpa_bd=&wpa_pg_seller_id=F55CDC31AB754BB68FE0B39041159D63&wpa_ref_id=4139a155ddab740a595302638333b76a&wpa_aux_info=__aux_info__&wpa_tag=&wpa_pos=5&wpa_plmt=__plmt__&wpa_aduid=__aduid__]
11/27/2018 10:58:06 AM DATA EXTRACTION [SUCCESS][https://www.walmart.com/ip/Medline-Excel-Deluxe-Aluminum-Transport-Chair-with-Hand-Brakes/23955882?wpa_bd=&wpa_pg_seller_id=F55CDC31AB754BB68FE0B39041159D63&wpa_ref_id=4139a155ddab740a595302638333b76a&wpa_aux_info=__aux_info__&wpa_tag=&wpa_pos=5&wpa_plmt=__plmt__&wpa_aduid=__aduid__]
11/27/2018 10:58:06 AM DATA EXTRACTION [SUCCESS][https://www.walmart.com/ip/Medline-Excel-Deluxe-Aluminum-Transport-Chair-with-Hand-Brakes/23955882?wpa_bd=&wpa_pg_seller_id=F55CDC31AB754BB68FE0B39041159D63&wpa_ref_id=4139a155ddab740a595302638333b76a&wpa_aux_info=__aux_info__&wpa_tag=&wpa_pos=5&wpa_plmt=__plmt__&wpa_aduid=__aduid__]
11/27/2018 10:58:06 AM DATA EXTRACTION [SUCCESS][https://www.walmart.com/ip/Medline-Excel-Deluxe-Aluminum-Transport-Chair-with-Hand-Brakes/23955882?wpa_bd=&wpa_pg_seller_id=F55CDC31AB754BB68FE0B39041159D63&wpa_ref_id=4139a155ddab740a595302638333b76a&wpa_aux_info=__aux_info__&wpa_tag=&wpa_pos=5&wpa_plmt=__plmt__&wpa_aduid=__aduid__]
11/27/2018 10:58:07 AM DATA EXTRACTION [SUCCESS][https://www.walmart.com/ip/Drive-Medical-Cruiser-III-Light-Weight-Wheelchair-with-Flip-Back-Removable-Desk-Arms-Elevating-Leg-Rests/15423515]
11/27/2018 10:58:07 AM DATA EXTRACTION [SUCCESS][https://www.walmart.com/ip/Drive-Medical-Cruiser-III-Light-Weight-Wheelchair-with-Flip-Back-Removable-Desk-Arms-Elevating-Leg-Rests/15423515]
11/27/2018 10:58:07 AM DATA EXTRACTION [SUCCESS][https://www.walmart.com/ip/Drive-Medical-Cruiser-III-Light-Weight-Wheelchair-with-Flip-Back-Removable-Desk-Arms-Elevating-Leg-Rests/15423515]
11/27/2018 10:58:07 AM DATA EXTRACTION [SUCCESS][https://www.walmart.com/ip/Drive-Medical-Cruiser-III-Light-Weight-Wheelchair-with-Flip-Back-Removable-Desk-Arms-Elevating-Leg-Rests/15423515]
11/27/2018 10:58:07 AM DATA EXTRACTION [SUCCESS][https://www.walmart.com/ip/Drive-Medical-Cruiser-III-Light-Weight-Wheelchair-with-Flip-Back-Removable-Desk-Arms-Elevating-Leg-Rests/15423515]
11/27/2018 10:58:08 AM DATA EXTRACTION [SUCCESS][https://www.walmart.com/ip/Drive-Medical-Lightweight-Steel-Transport-Wheelchair-Fixed-Full-Arms/25514999]
11/27/2018 10:58:08 AM DATA EXTRACTION [SUCCESS][https://www.walmart.com/ip/Drive-Medical-Lightweight-Steel-Transport-Wheelchair-Fixed-Full-Arms/25514999]
11/27/2018 10:58:08 AM DATA EXTRACTION [SUCCESS][https://www.walmart.com/ip/Drive-Medical-Lightweight-Steel-Transport-Wheelchair-Fixed-Full-Arms/25514999]
11/27/2018 10:58:08 AM DATA EXTRACTION [SUCCESS][https://www.walmart.com/ip/Drive-Medical-Lightweight-Steel-Transport-Wheelchair-Fixed-Full-Arms/25514999]
11/27/2018 10:58:08 AM DATA EXTRACTION [SUCCESS][https://www.walmart.com/ip/Drive-Medical-Lightweight-Steel-Transport-Wheelchair-Fixed-Full-Arms/25514999]
11/27/2018 10:58:08 AM DATA EXTRACTION [SUCCESS][https://www.walmart.com/ip/Drive-Medical-Blue-Streak-Wheelchair-with-Flip-Back-Desk-Arms-Elevating-Leg-Rests-BLS20FBD-ELR/28184367]
11/27/2018 10:58:08 AM DATA EXTRACTION [SUCCESS][https://www.walmart.com/ip/Drive-Medical-Blue-Streak-Wheelchair-with-Flip-Back-Desk-Arms-Elevating-Leg-Rests-BLS20FBD-ELR/28184367]
11/27/2018 10:58:08 AM DATA EXTRACTION [SUCCESS][https://www.walmart.com/ip/Drive-Medical-Blue-Streak-Wheelchair-with-Flip-Back-Desk-Arms-Elevating-Leg-Rests-BLS20FBD-ELR/28184367]
11/27/2018 10:58:08 AM DATA EXTRACTION [SUCCESS][https://www.walmart.com/ip/Drive-Medical-Blue-Streak-Wheelchair-with-Flip-Back-Desk-Arms-Elevating-Leg-Rests-BLS20FBD-ELR/28184367]
11/27/2018 10:58:08 AM DATA EXTRACTION [SUCCESS][https://www.walmart.com/ip/Drive-Medical-Blue-Streak-Wheelchair-with-Flip-Back-Desk-Arms-Elevating-Leg-Rests-BLS20FBD-ELR/28184367]
11/27/2018 10:58:09 AM DATA EXTRACTION [SUCCESS][https://www.walmart.com/ip/Drive-Medical-Silver-Sport-2-Wheelchair-Detachable-Desk-Arms-Elevating-Leg-Rests/15423464]
11/27/2018 10:58:09 AM DATA EXTRACTION [SUCCESS][https://www.walmart.com/ip/Drive-Medical-Silver-Sport-2-Wheelchair-Detachable-Desk-Arms-Elevating-Leg-Rests/15423464]
11/27/2018 10:58:09 AM DATA EXTRACTION [SUCCESS][https://www.walmart.com/ip/Drive-Medical-Silver-Sport-2-Wheelchair-Detachable-Desk-Arms-Elevating-Leg-Rests/15423464]
11/27/2018 10:58:09 AM DATA EXTRACTION [SUCCESS][https://www.walmart.com/ip/Drive-Medical-Silver-Sport-2-Wheelchair-Detachable-Desk-Arms-Elevating-Leg-Rests/15423464]
11/27/2018 10:58:09 AM DATA EXTRACTION [SUCCESS][https://www.walmart.com/ip/Drive-Medical-Silver-Sport-2-Wheelchair-Detachable-Desk-Arms-Elevating-Leg-Rests/15423464]
11/27/2018 10:58:11 AM DATA EXTRACTION [SUCCESS][https://www.walmart.com/ip/Drive-Medical-Fly-Lite-Ultra-Lightweight-Transport-Wheelchair/14563679]
11/27/2018 10:58:11 AM DATA EXTRACTION [SUCCESS][https://www.walmart.com/ip/Drive-Medical-Fly-Lite-Ultra-Lightweight-Transport-Wheelchair/14563679]
11/27/2018 10:58:11 AM DATA EXTRACTION [SUCCESS][https://www.walmart.com/ip/Drive-Medical-Fly-Lite-Ultra-Lightweight-Transport-Wheelchair/14563679]
11/27/2018 10:58:11 AM DATA EXTRACTION [SUCCESS][https://www.walmart.com/ip/Drive-Medical-Fly-Lite-Ultra-Lightweight-Transport-Wheelchair/14563679]
11/27/2018 10:58:11 AM DATA EXTRACTION [SUCCESS][https://www.walmart.com/ip/Drive-Medical-Fly-Lite-Ultra-Lightweight-Transport-Wheelchair/14563679]
11/27/2018 10:58:12 AM DATA EXTRACTION [SUCCESS][https://www.walmart.com/ip/Karman-LT-1000HB-Lightweight-Transport-Chair-with-Companion-Brakes-Burgundy/30347062]
11/27/2018 10:58:12 AM DATA EXTRACTION [SUCCESS][https://www.walmart.com/ip/Karman-LT-1000HB-Lightweight-Transport-Chair-with-Companion-Brakes-Burgundy/30347062]
11/27/2018 10:58:12 AM DATA EXTRACTION [SUCCESS][https://www.walmart.com/ip/Karman-LT-1000HB-Lightweight-Transport-Chair-with-Companion-Brakes-Burgundy/30347062]
11/27/2018 10:58:12 AM DATA EXTRACTION [SUCCESS][https://www.walmart.com/ip/Karman-LT-1000HB-Lightweight-Transport-Chair-with-Companion-Brakes-Burgundy/30347062]
11/27/2018 10:58:12 AM DATA EXTRACTION [SUCCESS][https://www.walmart.com/ip/Karman-LT-1000HB-Lightweight-Transport-Chair-with-Companion-Brakes-Burgundy/30347062]
11/27/2018 10:58:13 AM DATA EXTRACTION [SUCCESS][https://www.walmart.com/ip/Drive-Medical-Cruiser-III-Light-Weight-Wheelchair-with-Flip-Back-Removable-Full-Arms-Elevating-Leg-Rests/15423522]
11/27/2018 10:58:13 AM DATA EXTRACTION [SUCCESS][https://www.walmart.com/ip/Drive-Medical-Cruiser-III-Light-Weight-Wheelchair-with-Flip-Back-Removable-Full-Arms-Elevating-Leg-Rests/15423522]
11/27/2018 10:58:13 AM DATA EXTRACTION [SUCCESS][https://www.walmart.com/ip/Drive-Medical-Cruiser-III-Light-Weight-Wheelchair-with-Flip-Back-Removable-Full-Arms-Elevating-Leg-Rests/15423522]
11/27/2018 10:58:13 AM DATA EXTRACTION [SUCCESS][https://www.walmart.com/ip/Drive-Medical-Cruiser-III-Light-Weight-Wheelchair-with-Flip-Back-Removable-Full-Arms-Elevating-Leg-Rests/15423522]
11/27/2018 10:58:13 AM DATA EXTRACTION [SUCCESS][https://www.walmart.com/ip/Drive-Medical-Cruiser-III-Light-Weight-Wheelchair-with-Flip-Back-Removable-Full-Arms-Elevating-Leg-Rests/15423522]
11/27/2018 10:58:14 AM DATA EXTRACTION [SUCCESS][https://www.walmart.com/ip/Drive-Medical-Lightweight-Transport-Wheelchair/17284828]
11/27/2018 10:58:14 AM DATA EXTRACTION [SUCCESS][https://www.walmart.com/ip/Drive-Medical-Lightweight-Transport-Wheelchair/17284828]
11/27/2018 10:58:14 AM DATA EXTRACTION [SUCCESS][https://www.walmart.com/ip/Drive-Medical-Lightweight-Transport-Wheelchair/17284828]
11/27/2018 10:58:14 AM DATA EXTRACTION [SUCCESS][https://www.walmart.com/ip/Drive-Medical-Lightweight-Transport-Wheelchair/17284828]
11/27/2018 10:58:14 AM DATA EXTRACTION [SUCCESS][https://www.walmart.com/ip/Drive-Medical-Lightweight-Transport-Wheelchair/17284828]
11/27/2018 10:58:15 AM DATA EXTRACTION [SUCCESS][https://www.walmart.com/ip/Karman-LT-700T-Lightweight-Wheelchair-with-Removable-Armrest-18-Seat-Silver-Vein/46906866]
11/27/2018 10:58:15 AM DATA EXTRACTION [SUCCESS][https://www.walmart.com/ip/Karman-LT-700T-Lightweight-Wheelchair-with-Removable-Armrest-18-Seat-Silver-Vein/46906866]
11/27/2018 10:58:15 AM DATA EXTRACTION [SUCCESS][https://www.walmart.com/ip/Karman-LT-700T-Lightweight-Wheelchair-with-Removable-Armrest-18-Seat-Silver-Vein/46906866]
11/27/2018 10:58:15 AM DATA EXTRACTION [FAILED][https://www.walmart.com/ip/Drive-Medical-Deluxe-Lightweight-Aluminum-Transport-Wheelchair-Aluminum-Red/15423390]
11/27/2018 10:58:16 AM DATA EXTRACTION [SUCCESS][https://www.walmart.com/ip/Medline-Ultralight-Transport-Wheelchair-with-19-x-16-Seat-Red/30458181]
11/27/2018 10:58:16 AM DATA EXTRACTION [SUCCESS][https://www.walmart.com/ip/Medline-Ultralight-Transport-Wheelchair-with-19-x-16-Seat-Red/30458181]
11/27/2018 10:58:16 AM DATA EXTRACTION [SUCCESS][https://www.walmart.com/ip/Medline-Ultralight-Transport-Wheelchair-with-19-x-16-Seat-Red/30458181]
11/27/2018 10:58:16 AM DATA EXTRACTION [SUCCESS][https://www.walmart.com/ip/Medline-Ultralight-Transport-Wheelchair-with-19-x-16-Seat-Red/30458181]
11/27/2018 10:58:16 AM DATA EXTRACTION [SUCCESS][https://www.walmart.com/ip/Medline-Ultralight-Transport-Wheelchair-with-19-x-16-Seat-Red/30458181]
11/27/2018 10:58:17 AM DATA EXTRACTION [SUCCESS][https://www.walmart.com/ip/Drive-Medical-Sentra-EC-Heavy-Duty-Wheelchair-Detachable-Desk-Arms-Swing-away-Footrests/15423465]
11/27/2018 10:58:17 AM DATA EXTRACTION [SUCCESS][https://www.walmart.com/ip/Drive-Medical-Sentra-EC-Heavy-Duty-Wheelchair-Detachable-Desk-Arms-Swing-away-Footrests/15423465]
11/27/2018 10:58:17 AM DATA EXTRACTION [SUCCESS][https://www.walmart.com/ip/Drive-Medical-Sentra-EC-Heavy-Duty-Wheelchair-Detachable-Desk-Arms-Swing-away-Footrests/15423465]
11/27/2018 10:58:17 AM DATA EXTRACTION [SUCCESS][https://www.walmart.com/ip/Drive-Medical-Sentra-EC-Heavy-Duty-Wheelchair-Detachable-Desk-Arms-Swing-away-Footrests/15423465]
11/27/2018 10:58:17 AM DATA EXTRACTION [SUCCESS][https://www.walmart.com/ip/Drive-Medical-Sentra-EC-Heavy-Duty-Wheelchair-Detachable-Desk-Arms-Swing-away-Footrests/15423465]
11/27/2018 10:58:18 AM DATA EXTRACTION [SUCCESS][https://www.walmart.com/ip/Carex-Transport-Wheelchair-19-inch-Seat-Folding-Transport-Chair-with-Foot-Rests/33586234]
11/27/2018 10:58:18 AM DATA EXTRACTION [SUCCESS][https://www.walmart.com/ip/Carex-Transport-Wheelchair-19-inch-Seat-Folding-Transport-Chair-with-Foot-Rests/33586234]
11/27/2018 10:58:18 AM DATA EXTRACTION [SUCCESS][https://www.walmart.com/ip/Carex-Transport-Wheelchair-19-inch-Seat-Folding-Transport-Chair-with-Foot-Rests/33586234]
11/27/2018 10:58:18 AM DATA EXTRACTION [SUCCESS][https://www.walmart.com/ip/Carex-Transport-Wheelchair-19-inch-Seat-Folding-Transport-Chair-with-Foot-Rests/33586234]
11/27/2018 10:58:18 AM DATA EXTRACTION [SUCCESS][https://www.walmart.com/ip/Carex-Transport-Wheelchair-19-inch-Seat-Folding-Transport-Chair-with-Foot-Rests/33586234]
11/27/2018 10:58:19 AM DATA EXTRACTION [SUCCESS][https://www.walmart.com/ip/Drive-Medical-Chrome-Sport-Wheelchair-Detachable-Desk-Arms-Elevating-Leg-Rests/15423494]
11/27/2018 10:58:19 AM DATA EXTRACTION [SUCCESS][https://www.walmart.com/ip/Drive-Medical-Chrome-Sport-Wheelchair-Detachable-Desk-Arms-Elevating-Leg-Rests/15423494]
11/27/2018 10:58:19 AM DATA EXTRACTION [SUCCESS][https://www.walmart.com/ip/Drive-Medical-Chrome-Sport-Wheelchair-Detachable-Desk-Arms-Elevating-Leg-Rests/15423494]
11/27/2018 10:58:19 AM DATA EXTRACTION [SUCCESS][https://www.walmart.com/ip/Drive-Medical-Chrome-Sport-Wheelchair-Detachable-Desk-Arms-Elevating-Leg-Rests/15423494]
11/27/2018 10:58:19 AM DATA EXTRACTION [SUCCESS][https://www.walmart.com/ip/Drive-Medical-Chrome-Sport-Wheelchair-Detachable-Desk-Arms-Elevating-Leg-Rests/15423494]
11/27/2018 10:58:20 AM DATA EXTRACTION [SUCCESS][https://www.walmart.com/ip/Drive-Medical-Duet-Dual-Function-Transport-Wheelchair-Rollator-Rolling-Walker/15423364]
11/27/2018 10:58:20 AM DATA EXTRACTION [SUCCESS][https://www.walmart.com/ip/Drive-Medical-Duet-Dual-Function-Transport-Wheelchair-Rollator-Rolling-Walker/15423364]
11/27/2018 10:58:20 AM DATA EXTRACTION [SUCCESS][https://www.walmart.com/ip/Drive-Medical-Duet-Dual-Function-Transport-Wheelchair-Rollator-Rolling-Walker/15423364]
11/27/2018 10:58:20 AM DATA EXTRACTION [SUCCESS][https://www.walmart.com/ip/Drive-Medical-Duet-Dual-Function-Transport-Wheelchair-Rollator-Rolling-Walker/15423364]
11/27/2018 10:58:20 AM DATA EXTRACTION [SUCCESS][https://www.walmart.com/ip/Drive-Medical-Duet-Dual-Function-Transport-Wheelchair-Rollator-Rolling-Walker/15423364]
11/27/2018 10:58:21 AM DATA EXTRACTION [SUCCESS][https://www.walmart.com/ip/Drive-Medical-Sentra-EC-Heavy-Duty-Wheelchair-Detachable-Desk-Arms-Elevating-Leg-Rests/15423476]
11/27/2018 10:58:21 AM DATA EXTRACTION [SUCCESS][https://www.walmart.com/ip/Drive-Medical-Sentra-EC-Heavy-Duty-Wheelchair-Detachable-Desk-Arms-Elevating-Leg-Rests/15423476]
11/27/2018 10:58:21 AM DATA EXTRACTION [SUCCESS][https://www.walmart.com/ip/Drive-Medical-Sentra-EC-Heavy-Duty-Wheelchair-Detachable-Desk-Arms-Elevating-Leg-Rests/15423476]
11/27/2018 10:58:21 AM DATA EXTRACTION [SUCCESS][https://www.walmart.com/ip/Drive-Medical-Sentra-EC-Heavy-Duty-Wheelchair-Detachable-Desk-Arms-Elevating-Leg-Rests/15423476]
11/27/2018 10:58:21 AM DATA EXTRACTION [SUCCESS][https://www.walmart.com/ip/Drive-Medical-Sentra-EC-Heavy-Duty-Wheelchair-Detachable-Desk-Arms-Elevating-Leg-Rests/15423476]
11/27/2018 10:58:21 AM DATA EXTRACTION [SUCCESS][https://www.walmart.com/ip/Drive-Medical-Silver-Sport-2-Wheelchair-Detachable-Desk-Arms-Swing-away-Footrests/15423458]
11/27/2018 10:58:21 AM DATA EXTRACTION [SUCCESS][https://www.walmart.com/ip/Drive-Medical-Silver-Sport-2-Wheelchair-Detachable-Desk-Arms-Swing-away-Footrests/15423458]
11/27/2018 10:58:21 AM DATA EXTRACTION [SUCCESS][https://www.walmart.com/ip/Drive-Medical-Silver-Sport-2-Wheelchair-Detachable-Desk-Arms-Swing-away-Footrests/15423458]
11/27/2018 10:58:21 AM DATA EXTRACTION [SUCCESS][https://www.walmart.com/ip/Drive-Medical-Silver-Sport-2-Wheelchair-Detachable-Desk-Arms-Swing-away-Footrests/15423458]
11/27/2018 10:58:21 AM DATA EXTRACTION [SUCCESS][https://www.walmart.com/ip/Drive-Medical-Silver-Sport-2-Wheelchair-Detachable-Desk-Arms-Swing-away-Footrests/15423458]
11/27/2018 10:58:22 AM DATA EXTRACTION [SUCCESS][https://www.walmart.com/ip/Drive-Medical-Bariatric-Heavy-Duty-Transport-Wheelchair-with-Swing-Away-Footrest/15061023]
11/27/2018 10:58:22 AM DATA EXTRACTION [SUCCESS][https://www.walmart.com/ip/Drive-Medical-Bariatric-Heavy-Duty-Transport-Wheelchair-with-Swing-Away-Footrest/15061023]
11/27/2018 10:58:22 AM DATA EXTRACTION [SUCCESS][https://www.walmart.com/ip/Drive-Medical-Bariatric-Heavy-Duty-Transport-Wheelchair-with-Swing-Away-Footrest/15061023]
11/27/2018 10:58:22 AM DATA EXTRACTION [SUCCESS][https://www.walmart.com/ip/Drive-Medical-Bariatric-Heavy-Duty-Transport-Wheelchair-with-Swing-Away-Footrest/15061023]
11/27/2018 10:58:22 AM DATA EXTRACTION [SUCCESS][https://www.walmart.com/ip/Drive-Medical-Bariatric-Heavy-Duty-Transport-Wheelchair-with-Swing-Away-Footrest/15061023]
11/27/2018 10:58:24 AM DATA EXTRACTION [SUCCESS][https://www.walmart.com/ip/Medline-K1-Basic-Extra-Wide-Wheelchairs-with-Elevating-Legrests/41494521]
11/27/2018 10:58:25 AM DATA EXTRACTION [SUCCESS][https://www.walmart.com/ip/Drive-Medical-Lightweight-Blue-Transport-Wheelchair/14563677]
11/27/2018 10:58:25 AM DATA EXTRACTION [SUCCESS][https://www.walmart.com/ip/Drive-Medical-Lightweight-Blue-Transport-Wheelchair/14563677]
11/27/2018 10:58:25 AM DATA EXTRACTION [SUCCESS][https://www.walmart.com/ip/Drive-Medical-Lightweight-Blue-Transport-Wheelchair/14563677]
11/27/2018 10:58:25 AM DATA EXTRACTION [SUCCESS][https://www.walmart.com/ip/Drive-Medical-Lightweight-Blue-Transport-Wheelchair/14563677]
11/27/2018 10:58:25 AM DATA EXTRACTION [SUCCESS][https://www.walmart.com/ip/Drive-Medical-Lightweight-Blue-Transport-Wheelchair/14563677]
11/27/2018 10:58:26 AM DATA EXTRACTION [SUCCESS][https://www.walmart.com/ip/Drive-Medical-Silver-Sport-2-Wheelchair-Detachable-Full-Arms-Swing-away-Footrests/40878917]
11/27/2018 10:58:26 AM DATA EXTRACTION [SUCCESS][https://www.walmart.com/ip/Drive-Medical-Silver-Sport-2-Wheelchair-Detachable-Full-Arms-Swing-away-Footrests/40878917]
11/27/2018 10:58:26 AM DATA EXTRACTION [SUCCESS][https://www.walmart.com/ip/Drive-Medical-Silver-Sport-2-Wheelchair-Detachable-Full-Arms-Swing-away-Footrests/40878917]
11/27/2018 10:58:26 AM DATA EXTRACTION [SUCCESS][https://www.walmart.com/ip/Drive-Medical-Silver-Sport-2-Wheelchair-Detachable-Full-Arms-Swing-away-Footrests/40878917]
11/27/2018 10:58:26 AM DATA EXTRACTION [SUCCESS][https://www.walmart.com/ip/Drive-Medical-Silver-Sport-2-Wheelchair-Detachable-Full-Arms-Swing-away-Footrests/40878917]
11/27/2018 10:58:27 AM DATA EXTRACTION [SUCCESS][https://www.walmart.com/ip/Drive-Medical-Nitro-Euro-Style-Rollator-Rolling-Walker/22356890]
11/27/2018 10:58:27 AM DATA EXTRACTION [SUCCESS][https://www.walmart.com/ip/Drive-Medical-Nitro-Euro-Style-Rollator-Rolling-Walker/22356890]
11/27/2018 10:58:27 AM DATA EXTRACTION [SUCCESS][https://www.walmart.com/ip/Drive-Medical-Nitro-Euro-Style-Rollator-Rolling-Walker/22356890]
11/27/2018 10:58:27 AM DATA EXTRACTION [SUCCESS][https://www.walmart.com/ip/Drive-Medical-Nitro-Euro-Style-Rollator-Rolling-Walker/22356890]
11/27/2018 10:58:27 AM DATA EXTRACTION [SUCCESS][https://www.walmart.com/ip/Drive-Medical-Nitro-Euro-Style-Rollator-Rolling-Walker/22356890]
11/27/2018 10:58:28 AM DATA EXTRACTION [SUCCESS][https://www.walmart.com/ip/Drive-Medical-Lightweight-Black-Transport-Wheelchair/15423388]
11/27/2018 10:58:28 AM DATA EXTRACTION [SUCCESS][https://www.walmart.com/ip/Drive-Medical-Lightweight-Black-Transport-Wheelchair/15423388]
11/27/2018 10:58:28 AM DATA EXTRACTION [SUCCESS][https://www.walmart.com/ip/Drive-Medical-Lightweight-Black-Transport-Wheelchair/15423388]
11/27/2018 10:58:28 AM DATA EXTRACTION [SUCCESS][https://www.walmart.com/ip/Drive-Medical-Lightweight-Black-Transport-Wheelchair/15423388]
11/27/2018 10:58:28 AM DATA EXTRACTION [SUCCESS][https://www.walmart.com/ip/Drive-Medical-Lightweight-Black-Transport-Wheelchair/15423388]
